# JRE version: Java(TM) SE Runtime Environment (20.0.1+9) (build 20.0.1+9-29)
# Java VM: Java HotSpot(TM) 64-Bit Server VM (20.0.1+9-29, mixed mode, sharing, tiered, compressed oops, compressed class ptrs, g1 gc, windows-amd64)
GC Precious Log:
 CardTable entry size: 512
 Card Set container configuration: InlinePtr #cards 5 size 8 Array Of Cards #cards 12 size 40 Howl #buckets 4 coarsen threshold 1843 Howl Bitmap #cards 512 size 80 coarsen threshold 460 Card regions per heap region 1 cards per card region 2048
 CPUs: 12 total, 12 available
 Memory: 7829M
 Large Page Support: Disabled
 NUMA Support: Disabled
 Compressed Oops: Enabled (32-bit)
 Heap Region Size: 1M
 Heap Min Capacity: 8M
 Heap Initial Capacity: 124M
 Heap Max Capacity: 2G
 Pre-touch: Disabled
 Parallel Workers: 10
 Concurrent Workers: 3
 Concurrent Refinement Workers: 10
 Periodic GC: Disabled
Heap:
 garbage-first heap   total 300032K, used 223232K [0x0000000080000000, 0x0000000100000000)
  region size 1024K, 24 young (24576K), 11 survivors (11264K)
 Metaspace       used 111609K, committed 113664K, reserved 1179648K
  class space    used 15098K, committed 16128K, reserved 1048576K
GC Heap History (20 events):
Event: 9.922 GC heap before
{Heap before GC invocations=27 (full 0):
 garbage-first heap   total 201728K, used 159349K [0x0000000080000000, 0x0000000100000000)
  region size 1024K, 39 young (39936K), 6 survivors (6144K)
 Metaspace       used 82077K, committed 84032K, reserved 1179648K
  class space    used 11255K, committed 12224K, reserved 1048576K
}
Event: 9.927 GC heap after
{Heap after GC invocations=28 (full 0):
 garbage-first heap   total 201728K, used 117760K [0x0000000080000000, 0x0000000100000000)
  region size 1024K, 5 young (5120K), 5 survivors (5120K)
 Metaspace       used 82077K, committed 84032K, reserved 1179648K
  class space    used 11255K, committed 12224K, reserved 1048576K
}
Event: 10.149 GC heap before
{Heap before GC invocations=28 (full 0):
 garbage-first heap   total 201728K, used 173056K [0x0000000080000000, 0x0000000100000000)
  region size 1024K, 60 young (61440K), 5 survivors (5120K)
 Metaspace       used 85221K, committed 87040K, reserved 1179648K
  class space    used 11509K, committed 12416K, reserved 1048576K
}
Event: 10.154 GC heap after
{Heap after GC invocations=29 (full 0):
 garbage-first heap   total 201728K, used 121480K [0x0000000080000000, 0x0000000100000000)
  region size 1024K, 6 young (6144K), 6 survivors (6144K)
 Metaspace       used 85221K, committed 87040K, reserved 1179648K
  class space    used 11509K, committed 12416K, reserved 1048576K
}
Event: 10.284 GC heap before
{Heap before GC invocations=29 (full 0):
 garbage-first heap   total 201728K, used 175752K [0x0000000080000000, 0x0000000100000000)
  region size 1024K, 60 young (61440K), 6 survivors (6144K)
 Metaspace       used 86300K, committed 88192K, reserved 1179648K
  class space    used 11610K, committed 12544K, reserved 1048576K
}
Event: 10.287 GC heap after
{Heap after GC invocations=30 (full 0):
 garbage-first heap   total 242688K, used 123192K [0x0000000080000000, 0x0000000100000000)
  region size 1024K, 3 young (3072K), 3 survivors (3072K)
 Metaspace       used 86300K, committed 88192K, reserved 1179648K
  class space    used 11610K, committed 12544K, reserved 1048576K
}
Event: 10.621 GC heap before
{Heap before GC invocations=31 (full 0):
 garbage-first heap   total 242688K, used 196920K [0x0000000080000000, 0x0000000100000000)
  region size 1024K, 93 young (95232K), 3 survivors (3072K)
 Metaspace       used 88552K, committed 90368K, reserved 1179648K
  class space    used 11834K, committed 12736K, reserved 1048576K
}
Event: 10.625 GC heap after
{Heap after GC invocations=32 (full 0):
 garbage-first heap   total 242688K, used 109228K [0x0000000080000000, 0x0000000100000000)
  region size 1024K, 7 young (7168K), 7 survivors (7168K)
 Metaspace       used 88552K, committed 90368K, reserved 1179648K
  class space    used 11834K, committed 12736K, reserved 1048576K
}
Event: 11.655 GC heap before
{Heap before GC invocations=32 (full 0):
 garbage-first heap   total 242688K, used 209580K [0x0000000080000000, 0x0000000100000000)
  region size 1024K, 106 young (108544K), 7 survivors (7168K)
 Metaspace       used 93750K, committed 95680K, reserved 1179648K
  class space    used 12477K, committed 13440K, reserved 1048576K
}
Event: 11.661 GC heap after
{Heap after GC invocations=33 (full 0):
 garbage-first heap   total 242688K, used 114242K [0x0000000080000000, 0x0000000100000000)
  region size 1024K, 14 young (14336K), 14 survivors (14336K)
 Metaspace       used 93750K, committed 95680K, reserved 1179648K
  class space    used 12477K, committed 13440K, reserved 1048576K
}
Event: 11.932 GC heap before
{Heap before GC invocations=33 (full 0):
 garbage-first heap   total 242688K, used 212546K [0x0000000080000000, 0x0000000100000000)
  region size 1024K, 111 young (113664K), 14 survivors (14336K)
 Metaspace       used 100258K, committed 102208K, reserved 1179648K
  class space    used 13332K, committed 14272K, reserved 1048576K
}
Event: 11.941 GC heap after
{Heap after GC invocations=34 (full 0):
 garbage-first heap   total 242688K, used 111267K [0x0000000080000000, 0x0000000100000000)
  region size 1024K, 10 young (10240K), 10 survivors (10240K)
 Metaspace       used 100258K, committed 102208K, reserved 1179648K
  class space    used 13332K, committed 14272K, reserved 1048576K
}
Event: 12.102 GC heap before
{Heap before GC invocations=34 (full 0):
 garbage-first heap   total 242688K, used 187043K [0x0000000080000000, 0x0000000100000000)
  region size 1024K, 86 young (88064K), 10 survivors (10240K)
 Metaspace       used 105209K, committed 107264K, reserved 1179648K
  class space    used 14133K, committed 15168K, reserved 1048576K
}
Event: 12.107 GC heap after
{Heap after GC invocations=35 (full 0):
 garbage-first heap   total 242688K, used 115569K [0x0000000080000000, 0x0000000100000000)
  region size 1024K, 5 young (5120K), 5 survivors (5120K)
 Metaspace       used 105209K, committed 107264K, reserved 1179648K
  class space    used 14133K, committed 15168K, reserved 1048576K
}
Event: 12.617 GC heap before
{Heap before GC invocations=36 (full 0):
 garbage-first heap   total 246784K, used 245617K [0x0000000080000000, 0x0000000100000000)
  region size 1024K, 103 young (105472K), 5 survivors (5120K)
 Metaspace       used 110628K, committed 112640K, reserved 1179648K
  class space    used 14964K, committed 15936K, reserved 1048576K
}
Event: 12.634 GC heap after
{Heap after GC invocations=37 (full 0):
 garbage-first heap   total 262144K, used 142479K [0x0000000080000000, 0x0000000100000000)
  region size 1024K, 13 young (13312K), 13 survivors (13312K)
 Metaspace       used 110628K, committed 112640K, reserved 1179648K
  class space    used 14964K, committed 15936K, reserved 1048576K
}
Event: 13.000 GC heap before
{Heap before GC invocations=37 (full 0):
 garbage-first heap   total 262144K, used 243855K [0x0000000080000000, 0x0000000100000000)
  region size 1024K, 102 young (104448K), 13 survivors (13312K)
 Metaspace       used 111387K, committed 113408K, reserved 1179648K
  class space    used 15088K, committed 16064K, reserved 1048576K
}
Event: 13.033 GC heap after
{Heap after GC invocations=38 (full 0):
 garbage-first heap   total 295936K, used 178055K [0x0000000080000000, 0x0000000100000000)
  region size 1024K, 13 young (13312K), 13 survivors (13312K)
 Metaspace       used 111387K, committed 113408K, reserved 1179648K
  class space    used 15088K, committed 16064K, reserved 1048576K
}
Event: 13.310 GC heap before
{Heap before GC invocations=38 (full 0):
 garbage-first heap   total 295936K, used 249735K [0x0000000080000000, 0x0000000100000000)
  region size 1024K, 84 young (86016K), 13 survivors (13312K)
 Metaspace       used 111574K, committed 113664K, reserved 1179648K
  class space    used 15101K, committed 16128K, reserved 1048576K
}
Event: 13.332 GC heap after
{Heap after GC invocations=39 (full 0):
 garbage-first heap   total 300032K, used 214016K [0x0000000080000000, 0x0000000100000000)
  region size 1024K, 11 young (11264K), 11 survivors (11264K)
 Metaspace       used 111574K, committed 113664K, reserved 1179648K
  class space    used 15101K, committed 16128K, reserved 1048576K
}

